0 info it worked if it ends with ok
1 verbose cli [
1 verbose cli   'H:\\node\\node.exe',
1 verbose cli   'H:\\node\\node_modules\\npm\\bin\\npm-cli.js',
1 verbose cli   'run',
1 verbose cli   'start'
1 verbose cli ]
2 info using npm@6.14.15
3 info using node@v14.17.6
4 verbose run-script [ 'prestart', 'start', 'poststart' ]
5 info lifecycle staticweb@1.0.0~prestart: staticweb@1.0.0
6 info lifecycle staticweb@1.0.0~start: staticweb@1.0.0
7 verbose lifecycle staticweb@1.0.0~start: unsafe-perm in lifecycle true
8 verbose lifecycle staticweb@1.0.0~start: PATH: H:\node\node_modules\npm\node_modules\npm-lifecycle\node-gyp-bin;H:\王天矢\newpro\projectweb\node_modules\.bin;C:\Program Files (x86)\Common Files\Oracle\Java\javapath;C:\Python39\;C:\Python39\Scripts\;C:\Python39;C:\Users\Administrator\AppData\Local\Microsoft\WindowsApps\python.exe;C:\WINDOWS\system32;C:\WINDOWS;C:\WINDOWS\System32\Wbem;C:\WINDOWS\System32\WindowsPowerShell\v1.0\;C:\WINDOWS\System32\OpenSSH\;E:\system\yarn\bin\;E:\system\Git\cmd;E:\system\nodejs\npm_global;C:\ProgramData\chocolatey\bin;H:\node\;C:\Program Files\TortoiseGit\bin;F:\tool\微信web开发者工具\dll;C:\Users\Administrator\AppData\Local\Microsoft\WindowsApps;C:\Users\Administrator\AppData\Local\Programs\Microsoft VS Code\bin;C:\Users\Administrator\AppData\Roaming\npm\n;C:\Users\Administrator\AppData\Roaming\npm;
9 verbose lifecycle staticweb@1.0.0~start: CWD: H:\王天矢\newpro\projectweb
10 silly lifecycle staticweb@1.0.0~start: Args: [ '/d /s /c', 'npm run dev' ]
11 silly lifecycle staticweb@1.0.0~start: Returned: code: 3221225725  signal: null
12 info lifecycle staticweb@1.0.0~start: Failed to exec start script
13 verbose stack Error: staticweb@1.0.0 start: `npm run dev`
13 verbose stack Exit status 3221225725
13 verbose stack     at EventEmitter.<anonymous> (H:\node\node_modules\npm\node_modules\npm-lifecycle\index.js:332:16)
13 verbose stack     at EventEmitter.emit (events.js:400:28)
13 verbose stack     at ChildProcess.<anonymous> (H:\node\node_modules\npm\node_modules\npm-lifecycle\lib\spawn.js:55:14)
13 verbose stack     at ChildProcess.emit (events.js:400:28)
13 verbose stack     at maybeClose (internal/child_process.js:1055:16)
13 verbose stack     at Process.ChildProcess._handle.onexit (internal/child_process.js:288:5)
14 verbose pkgid staticweb@1.0.0
15 verbose cwd H:\王天矢\newpro\projectweb
16 verbose Windows_NT 10.0.19042
17 verbose argv "H:\\node\\node.exe" "H:\\node\\node_modules\\npm\\bin\\npm-cli.js" "run" "start"
18 verbose node v14.17.6
19 verbose npm  v6.14.15
20 error code ELIFECYCLE
21 error errno 3221225725
22 error staticweb@1.0.0 start: `npm run dev`
22 error Exit status 3221225725
23 error Failed at the staticweb@1.0.0 start script.
23 error This is probably not a problem with npm. There is likely additional logging output above.
24 verbose exit [ 3221225725, true ]
